<?xml version="1.0" encoding="UTF-8"?>
<!-- Generated by org.testng.reporters.JUnitReportReporter -->
<testsuite skipped="0" hostname="Sudipas-MacBook-Pro.local" name="com.sudipa.qaautomation.TestGmail" tests="1" failures="0" timestamp="2022-04-04T17:10:44 IST" time="29.652" errors="0">
  <testcase name="testGmail" time="29.652" classname="com.sudipa.qaautomation.TestGmail"/>
  <system-out/>
</testsuite> <!-- com.sudipa.qaautomation.TestGmail -->
