<?xml version="1.0" encoding="UTF-8"?>
<!-- Generated by org.testng.reporters.JUnitReportReporter -->
<testsuite skipped="0" hostname="Sudipas-MacBook-Pro.local" name="com.sudipa.qaautomation.TestGmail" tests="1" failures="0" timestamp="2022-06-24T12:08:16 IST" time="20.203" errors="0">
  <testcase name="testGmail" time="20.203" classname="com.sudipa.qaautomation.TestGmail"/>
  <system-out/>
</testsuite> <!-- com.sudipa.qaautomation.TestGmail -->
